/var/log/rhn/rhn_web_api.log cat
    120 [2016-04-22 12:15
    365 [2016-04-22 12:16
    368 [2016-04-22 12:17
    366 [2016-04-22 12:18
    365 [2016-04-22 12:19
    367 [2016-04-22 12:20
    361 [2016-04-22 12:21
    366 [2016-04-22 12:22
    363 [2016-04-22 12:23
    360 [2016-04-22 12:24
    364 [2016-04-22 12:25
    363 [2016-04-22 12:26
    362 [2016-04-22 12:27
    362 [2016-04-22 12:28
    366 [2016-04-22 12:29
    348 [2016-04-22 12:30
    367 [2016-04-22 12:31
    365 [2016-04-22 12:32
    365 [2016-04-22 12:33
    364 [2016-04-22 12:34
    363 [2016-04-22 12:35
    364 [2016-04-22 12:36
    365 [2016-04-22 12:37
    364 [2016-04-22 12:38
    360 [2016-04-22 12:39
    350 [2016-04-22 12:40
    361 [2016-04-22 12:41
    365 [2016-04-22 12:42
    367 [2016-04-22 12:43
    364 [2016-04-22 12:44
    364 [2016-04-22 12:45
    368 [2016-04-22 12:46
    364 [2016-04-22 12:47
    354 [2016-04-22 12:48
    366 [2016-04-22 12:49
    364 [2016-04-22 12:50
    364 [2016-04-22 12:51
    367 [2016-04-22 12:52
    366 [2016-04-22 12:53
    365 [2016-04-22 12:54
    359 [2016-04-22 12:55
    366 [2016-04-22 12:56
    364 [2016-04-22 12:57
    366 [2016-04-22 12:58
    367 [2016-04-22 12:59
    351 [2016-04-22 13:00
    365 [2016-04-22 13:01
    365 [2016-04-22 13:02
    367 [2016-04-22 13:03
    363 [2016-04-22 13:04
    366 [2016-04-22 13:05
    365 [2016-04-22 13:06
    366 [2016-04-22 13:07
    362 [2016-04-22 13:08
    359 [2016-04-22 13:09
    363 [2016-04-22 13:10
    363 [2016-04-22 13:11
    363 [2016-04-22 13:12
    363 [2016-04-22 13:13
    362 [2016-04-22 13:14
    363 [2016-04-22 13:15
    366 [2016-04-22 13:16
    364 [2016-04-22 13:17
    366 [2016-04-22 13:18
    365 [2016-04-22 13:19
    364 [2016-04-22 13:20
    362 [2016-04-22 13:21
    365 [2016-04-22 13:22
    364 [2016-04-22 13:23
    365 [2016-04-22 13:24
    363 [2016-04-22 13:25
    365 [2016-04-22 13:26
    364 [2016-04-22 13:27
    365 [2016-04-22 13:28
    363 [2016-04-22 13:29
    349 [2016-04-22 13:30
    365 [2016-04-22 13:31
    366 [2016-04-22 13:32
    302 [2016-04-22 13:33
     17 [2016-04-22 13:51
    358 [2016-04-22 13:52
    373 [2016-04-22 13:53
    368 [2016-04-22 13:54
    360 [2016-04-22 13:55
    368 [2016-04-22 13:56
    369 [2016-04-22 13:57
    368 [2016-04-22 13:58
    367 [2016-04-22 13:59
    348 [2016-04-22 14:00
    373 [2016-04-22 14:01
    372 [2016-04-22 14:02
    373 [2016-04-22 14:03
    373 [2016-04-22 14:04
    361 [2016-04-22 14:05
    358 [2016-04-22 14:06
    372 [2016-04-22 14:07
    372 [2016-04-22 14:08
    371 [2016-04-22 14:09
    371 [2016-04-22 14:10
    373 [2016-04-22 14:11
    372 [2016-04-22 14:12
    374 [2016-04-22 14:13
    372 [2016-04-22 14:14
    372 [2016-04-22 14:15
    372 [2016-04-22 14:16
    371 [2016-04-22 14:17
    370 [2016-04-22 14:18
    370 [2016-04-22 14:19
    373 [2016-04-22 14:20
    369 [2016-04-22 14:21
    373 [2016-04-22 14:22
    372 [2016-04-22 14:23
    295 [2016-04-22 14:24
    321 [2016-04-22 14:25
    374 [2016-04-22 14:26
    373 [2016-04-22 14:27
    372 [2016-04-22 14:28
    372 [2016-04-22 14:29
    351 [2016-04-22 14:30
    375 [2016-04-22 14:31
    371 [2016-04-22 14:32
    371 [2016-04-22 14:33
    373 [2016-04-22 14:34
    373 [2016-04-22 14:35
    373 [2016-04-22 14:36
    372 [2016-04-22 14:37
    373 [2016-04-22 14:38
    373 [2016-04-22 14:39
    372 [2016-04-22 14:40
    373 [2016-04-22 14:41
    372 [2016-04-22 14:42
    373 [2016-04-22 14:43
    373 [2016-04-22 14:44
    372 [2016-04-22 14:45
    372 [2016-04-22 14:46
    372 [2016-04-22 14:47
    358 [2016-04-22 14:48
    373 [2016-04-22 14:49
    371 [2016-04-22 14:50
    372 [2016-04-22 14:51
    374 [2016-04-22 14:52
    372 [2016-04-22 14:53
    367 [2016-04-22 14:54
    360 [2016-04-22 14:55
    369 [2016-04-22 14:56
    367 [2016-04-22 14:57
    369 [2016-04-22 14:58
    366 [2016-04-22 14:59
    353 [2016-04-22 15:00
    369 [2016-04-22 15:01
    367 [2016-04-22 15:02
    370 [2016-04-22 15:03
    366 [2016-04-22 15:04
    372 [2016-04-22 15:05
    371 [2016-04-22 15:06
    372 [2016-04-22 15:07
    371 [2016-04-22 15:08
    369 [2016-04-22 15:09
    371 [2016-04-22 15:10
    372 [2016-04-22 15:11
    318 [2016-04-22 15:12
/var/log/rhn/rhn_web_api.log-20160422.gz zcat
      3 [2016-04-21 10:23
      1 [2016-04-21 10:24
      2 [2016-04-21 10:27
      1 [2016-04-21 10:31
      1 [2016-04-21 10:32
      1 [2016-04-21 10:41
      1 [2016-04-21 10:42
      1 [2016-04-21 10:43
      4 [2016-04-21 10:44
      6 [2016-04-21 10:45
      1 [2016-04-21 10:46
     71 [2016-04-21 10:47
     51 [2016-04-21 10:48
    126 [2016-04-21 10:49
    134 [2016-04-21 10:50
      1 [2016-04-21 11:21
      6 [2016-04-21 11:47
      9 [2016-04-21 11:48
      1 [2016-04-21 12:04
      7 [2016-04-21 14:01
      1 [2016-04-21 14:02
      1 [2016-04-21 14:03
      1 [2016-04-21 14:04
     19 [2016-04-21 14:05
     20 [2016-04-21 14:08
    163 [2016-04-21 14:09
    349 [2016-04-21 14:10
    373 [2016-04-21 14:11
    374 [2016-04-21 14:12
    377 [2016-04-21 14:13
    376 [2016-04-21 14:14
    378 [2016-04-21 14:15
    373 [2016-04-21 14:16
    357 [2016-04-21 14:17
    251 [2016-04-21 14:18
    341 [2016-04-21 14:19
    355 [2016-04-21 14:20
    349 [2016-04-21 14:21
    281 [2016-04-21 14:22
      3 [2016-04-21 14:23
      1 [2016-04-21 14:24
      1 [2016-04-21 14:27
      1 [2016-04-21 14:28
      1 [2016-04-21 14:30
      3 [2016-04-21 14:31
      2 [2016-04-21 14:32
    114 [2016-04-21 14:34
    332 [2016-04-21 14:35
    339 [2016-04-21 14:36
    342 [2016-04-21 14:37
    208 [2016-04-21 14:38
     65 [2016-04-21 14:39
     21 [2016-04-21 14:40
     44 [2016-04-21 14:41
     14 [2016-04-21 14:42
      1 [2016-04-21 14:45
      1 [2016-04-21 19:39
    186 [2016-04-21 19:44
     10 [2016-04-21 19:45
      3 [2016-04-21 19:46
      5 [2016-04-21 20:33
     19 [2016-04-21 20:34
      2 [2016-04-21 20:52
      3 [2016-04-21 20:54
      1 [2016-04-21 23:50
     20 [2016-04-22 01:02
     50 [2016-04-22 01:03
     50 [2016-04-22 01:04
     50 [2016-04-22 01:05
     48 [2016-04-22 01:06
     49 [2016-04-22 01:07
     50 [2016-04-22 01:08
     50 [2016-04-22 01:09
     49 [2016-04-22 01:10
     47 [2016-04-22 01:11
     50 [2016-04-22 01:12
     38 [2016-04-22 01:13
     21 [2016-04-22 01:14
     12 [2016-04-22 01:15
     28 [2016-04-22 01:16
     23 [2016-04-22 01:17
     11 [2016-04-22 01:18
     39 [2016-04-22 01:19
     51 [2016-04-22 01:20
     51 [2016-04-22 01:21
     51 [2016-04-22 01:22
     51 [2016-04-22 01:23
     51 [2016-04-22 01:24
     50 [2016-04-22 01:25
     51 [2016-04-22 01:26
     52 [2016-04-22 01:27
     51 [2016-04-22 01:28
     51 [2016-04-22 01:29
     50 [2016-04-22 01:30
     51 [2016-04-22 01:31
     52 [2016-04-22 01:32
     51 [2016-04-22 01:33
     51 [2016-04-22 01:34
     51 [2016-04-22 01:35
     51 [2016-04-22 01:36
     51 [2016-04-22 01:37
     51 [2016-04-22 01:38
     52 [2016-04-22 01:39
     51 [2016-04-22 01:40
     51 [2016-04-22 01:41
     51 [2016-04-22 01:42
     51 [2016-04-22 01:43
     51 [2016-04-22 01:44
     52 [2016-04-22 01:45
     51 [2016-04-22 01:46
     51 [2016-04-22 01:47
     51 [2016-04-22 01:48
     51 [2016-04-22 01:49
     52 [2016-04-22 01:50
     51 [2016-04-22 01:51
     51 [2016-04-22 01:52
     51 [2016-04-22 01:53
     51 [2016-04-22 01:54
     51 [2016-04-22 01:55
     51 [2016-04-22 01:56
     52 [2016-04-22 01:57
     51 [2016-04-22 01:58
     51 [2016-04-22 01:59
     51 [2016-04-22 02:00
     51 [2016-04-22 02:01
     52 [2016-04-22 02:02
     51 [2016-04-22 02:03
     51 [2016-04-22 02:04
     51 [2016-04-22 02:05
     51 [2016-04-22 02:06
     51 [2016-04-22 02:07
     51 [2016-04-22 02:08
     52 [2016-04-22 02:09
     51 [2016-04-22 02:10
     51 [2016-04-22 02:11
     51 [2016-04-22 02:12
     52 [2016-04-22 02:13
     51 [2016-04-22 02:14
     51 [2016-04-22 02:15
     51 [2016-04-22 02:16
     51 [2016-04-22 02:17
     52 [2016-04-22 02:18
     51 [2016-04-22 02:19
     51 [2016-04-22 02:20
     51 [2016-04-22 02:21
     51 [2016-04-22 02:22
     52 [2016-04-22 02:23
     50 [2016-04-22 02:24
     51 [2016-04-22 02:25
     51 [2016-04-22 02:26
     52 [2016-04-22 02:27
     51 [2016-04-22 02:28
     51 [2016-04-22 02:29
     51 [2016-04-22 02:30
     51 [2016-04-22 02:31
     51 [2016-04-22 02:32
     51 [2016-04-22 02:33
     52 [2016-04-22 02:34
     51 [2016-04-22 02:35
     51 [2016-04-22 02:36
     52 [2016-04-22 02:37
     51 [2016-04-22 02:38
     51 [2016-04-22 02:39
     51 [2016-04-22 02:40
     51 [2016-04-22 02:41
     51 [2016-04-22 02:42
     52 [2016-04-22 02:43
     51 [2016-04-22 02:44
     51 [2016-04-22 02:45
     51 [2016-04-22 02:46
     51 [2016-04-22 02:47
     51 [2016-04-22 02:48
     52 [2016-04-22 02:49
     51 [2016-04-22 02:50
     51 [2016-04-22 02:51
     51 [2016-04-22 02:52
     52 [2016-04-22 02:53
     50 [2016-04-22 02:54
     52 [2016-04-22 02:55
     51 [2016-04-22 02:56
     51 [2016-04-22 02:57
     51 [2016-04-22 02:58
     52 [2016-04-22 02:59
     50 [2016-04-22 03:00
     52 [2016-04-22 03:01
     51 [2016-04-22 03:02
     51 [2016-04-22 03:03
     52 [2016-04-22 03:04
     51 [2016-04-22 03:05
     51 [2016-04-22 03:06
     51 [2016-04-22 03:07
     51 [2016-04-22 03:08
     51 [2016-04-22 03:09
     51 [2016-04-22 03:10
     51 [2016-04-22 03:11
     52 [2016-04-22 03:12
     51 [2016-04-22 03:13
     50 [2016-04-22 03:14
     52 [2016-04-22 03:15
     51 [2016-04-22 03:16
     51 [2016-04-22 03:17
     51 [2016-04-22 03:18
     52 [2016-04-22 03:19
     51 [2016-04-22 03:20
     52 [2016-04-22 03:21
     51 [2016-04-22 03:22
     51 [2016-04-22 03:23
     51 [2016-04-22 03:24
     51 [2016-04-22 03:25
     51 [2016-04-22 03:26
     51 [2016-04-22 03:27
     52 [2016-04-22 03:28
     51 [2016-04-22 03:29
     51 [2016-04-22 03:30
     51 [2016-04-22 03:31
     51 [2016-04-22 03:32
     51 [2016-04-22 03:33
     52 [2016-04-22 03:34
     51 [2016-04-22 03:35
     51 [2016-04-22 03:36
     51 [2016-04-22 03:37
     52 [2016-04-22 03:38
     51 [2016-04-22 03:39
     51 [2016-04-22 03:40
     51 [2016-04-22 03:41
     51 [2016-04-22 03:42
     52 [2016-04-22 03:43
     51 [2016-04-22 03:44
     51 [2016-04-22 03:45
     51 [2016-04-22 03:46
     51 [2016-04-22 03:47
     52 [2016-04-22 03:48
     51 [2016-04-22 03:49
     51 [2016-04-22 03:50
     51 [2016-04-22 03:51
     52 [2016-04-22 03:52
     51 [2016-04-22 03:53
     50 [2016-04-22 03:54
     51 [2016-04-22 03:55
     51 [2016-04-22 03:56
     52 [2016-04-22 03:57
     51 [2016-04-22 03:58
     51 [2016-04-22 03:59
     51 [2016-04-22 04:00
     51 [2016-04-22 04:01
     52 [2016-04-22 04:02
     51 [2016-04-22 04:03
     51 [2016-04-22 04:04
     51 [2016-04-22 04:05
     51 [2016-04-22 04:06
     51 [2016-04-22 04:07
     52 [2016-04-22 04:08
     51 [2016-04-22 04:09
     51 [2016-04-22 04:10
     51 [2016-04-22 04:11
     51 [2016-04-22 04:12
     52 [2016-04-22 04:13
     51 [2016-04-22 04:14
     51 [2016-04-22 04:15
     51 [2016-04-22 04:16
     51 [2016-04-22 04:17
     15 [2016-04-22 04:18
    319 [2016-04-22 11:11
    371 [2016-04-22 11:12
    363 [2016-04-22 11:13
    356 [2016-04-22 11:14
    353 [2016-04-22 11:15
    365 [2016-04-22 11:16
    365 [2016-04-22 11:17
    364 [2016-04-22 11:18
    366 [2016-04-22 11:19
    363 [2016-04-22 11:20
    366 [2016-04-22 11:21
    366 [2016-04-22 11:22
    366 [2016-04-22 11:23
    364 [2016-04-22 11:24
    365 [2016-04-22 11:25
    365 [2016-04-22 11:26
    355 [2016-04-22 11:27
    362 [2016-04-22 11:28
    364 [2016-04-22 11:29
    343 [2016-04-22 11:30
    363 [2016-04-22 11:31
    354 [2016-04-22 11:32
    366 [2016-04-22 11:33
    365 [2016-04-22 11:34
    364 [2016-04-22 11:35
    364 [2016-04-22 11:36
    364 [2016-04-22 11:37
    367 [2016-04-22 11:38
    362 [2016-04-22 11:39
    366 [2016-04-22 11:40
    364 [2016-04-22 11:41
    365 [2016-04-22 11:42
    367 [2016-04-22 11:43
    363 [2016-04-22 11:44
    362 [2016-04-22 11:45
    365 [2016-04-22 11:46
    367 [2016-04-22 11:47
    364 [2016-04-22 11:48
    365 [2016-04-22 11:49
    364 [2016-04-22 11:50
    367 [2016-04-22 11:51
    366 [2016-04-22 11:52
    364 [2016-04-22 11:53
    366 [2016-04-22 11:54
    358 [2016-04-22 11:55
    365 [2016-04-22 11:56
    365 [2016-04-22 11:57
    366 [2016-04-22 11:58
    364 [2016-04-22 11:59
    346 [2016-04-22 12:00
    365 [2016-04-22 12:01
    364 [2016-04-22 12:02
    362 [2016-04-22 12:03
    364 [2016-04-22 12:04
    365 [2016-04-22 12:05
    361 [2016-04-22 12:06
    362 [2016-04-22 12:07
    367 [2016-04-22 12:08
    365 [2016-04-22 12:09
    368 [2016-04-22 12:10
    366 [2016-04-22 12:11
    365 [2016-04-22 12:12
    366 [2016-04-22 12:13
    367 [2016-04-22 12:14
    244 [2016-04-22 12:15
